\BOOKMARK [1][-]{section.1}{\376\377\116\313\176\315}{}% 1
\BOOKMARK [1][-]{section.2}{\376\377\221\315\122\233\155\113\221\317}{}% 2
\BOOKMARK [2][-]{subsection.2.1}{\376\377\126\375\131\026\143\167\200\124\137\017\221\315\122\233\116\352\170\024\172\166\163\260\162\266}{section.2}% 3
\BOOKMARK [2][-]{subsection.2.2}{\376\377\126\375\121\205\143\167\200\124\137\017\221\315\122\233\116\352\170\024\172\166\163\260\162\266}{section.2}% 4
\BOOKMARK [1][-]{section.3}{\376\377\221\315\122\233\142\160\122\250\133\232\116\111\123\312\155\113\221\317\145\271\154\325}{}% 5
\BOOKMARK [2][-]{subsection.3.1}{\376\377\133\232\116\111}{section.3}% 6
\BOOKMARK [2][-]{subsection.3.2}{\376\377\155\113\221\317\145\271\154\325}{section.3}% 7
\BOOKMARK [1][-]{section.4}{\376\377\221\315\122\233\142\160\122\250\133\371\140\357\133\374\211\343\173\227\166\204\213\357\135\356\137\161\124\315}{}% 8
\BOOKMARK [2][-]{subsection.4.1}{\376\377\221\315\122\233\142\160\122\250\166\204\213\357\135\356\152\041\127\213}{section.4}% 9
\BOOKMARK [2][-]{subsection.4.2}{\376\377\133\371\220\037\136\246\166\204\137\161\124\315}{section.4}% 10
\BOOKMARK [2][-]{subsection.4.3}{\376\377\133\371\131\377\140\001\166\204\137\161\124\315}{section.4}% 11
\BOOKMARK [2][-]{subsection.4.4}{\376\377\133\371\122\035\131\313\133\371\121\306\166\204\137\161\124\315}{section.4}% 12
\BOOKMARK [1][-]{section.5}{\376\377\163\260\147\011\166\204\210\145\120\177\145\271\154\325\123\312\173\126\165\145}{}% 13
\BOOKMARK [2][-]{subsection.5.1}{\376\377\164\003\214\020\152\041\127\213\210\145\120\177}{section.5}% 14
\BOOKMARK [2][-]{subsection.5.2}{\376\377\133\236\155\113\145\160\143\156\210\145\120\177}{section.5}% 15
\BOOKMARK [2][-]{subsection.5.3}{\376\377\156\344\154\342\117\060\213\241\210\145\120\177}{section.5}% 16
\BOOKMARK [2][-]{subsection.5.4}{\376\377\131\032\156\220\145\160\143\156\207\215\124\010\210\145\120\177}{section.5}% 17
\BOOKMARK [2][-]{subsection.5.5}{\376\377\146\172\200\375\121\263\173\126\173\227\154\325\210\145\120\177}{section.5}% 18
\BOOKMARK [1][-]{section.6}{\376\377\140\073\176\323\116\016\134\125\147\033}{}% 19
\BOOKMARK [2][-]{subsection.6.1}{\376\377\201\364\214\042}{section.6}% 20
\BOOKMARK [2][-]{subsection.6.2}{\376\377\200\124\174\373\117\134\200\005}{section.6}% 21
\BOOKMARK [2][-]{subsection.6.3}{\376\377\121\231\117\134\137\303\137\227}{section.6}% 22
